<?xml version="1.0" encoding="UTF-8"?>
<!-- Generated by org.testng.reporters.JUnitReportReporter -->
<testsuite hostname="DESKTOP-6DVLD3K" failures="0" tests="1" name="draft.First" time="0.841" errors="0" timestamp="10 Nov 2022 21:11:03 GMT">
  <testcase classname="draft.First" name="robotTest" time="0.841"/>
</testsuite> <!-- draft.First -->
