<?xml version="1.0" encoding="UTF-8"?>
<!-- Generated by org.testng.reporters.JUnitReportReporter -->
<testsuite hostname="DESKTOP-6DVLD3K" failures="0" tests="1" name="draft.AlertDemo" time="10.580" errors="0" timestamp="21 Nov 2022 09:50:32 GMT">
  <testcase classname="draft.AlertDemo" name="robotTest" time="10.580"/>
</testsuite> <!-- draft.AlertDemo -->
