<?xml version="1.0" encoding="UTF-8"?>
<!-- Generated by org.testng.reporters.JUnitReportReporter -->
<testsuite hostname="DESKTOP-6DVLD3K" failures="0" tests="1" name="draft.RightClickDemo" time="0.317" errors="0" timestamp="14 Nov 2022 14:10:36 GMT">
  <testcase classname="draft.RightClickDemo" name="robotTest" time="0.317"/>
</testsuite> <!-- draft.RightClickDemo -->
