<?xml version="1.0" encoding="UTF-8"?>
<!-- Generated by org.testng.reporters.JUnitReportReporter -->
<testsuite hostname="DESKTOP-6DVLD3K" failures="0" tests="1" name="draft.Google" time="0.196" errors="0" timestamp="11 Nov 2022 19:11:26 GMT">
  <testcase classname="draft.Google" name="test" time="0.196"/>
</testsuite> <!-- draft.Google -->
