<?xml version="1.0" encoding="UTF-8"?>
<!-- Generated by org.testng.reporters.JUnitReportReporter -->
<testsuite hostname="DESKTOP-6DVLD3K" failures="0" tests="1" name="draft.MultiSelect" time="0.088" errors="0" timestamp="11 Nov 2022 13:39:25 GMT">
  <testcase classname="draft.MultiSelect" name="test" time="0.088"/>
</testsuite> <!-- draft.MultiSelect -->
