<?xml version="1.0" encoding="UTF-8"?>
<!-- Generated by org.testng.reporters.JUnitReportReporter -->
<testsuite hostname="DESKTOP-6DVLD3K" failures="0" tests="1" name="draft.DragAndDrop" time="7.567" errors="0" timestamp="21 Nov 2022 10:21:41 GMT">
  <testcase classname="draft.DragAndDrop" name="robotTest" time="7.567"/>
</testsuite> <!-- draft.DragAndDrop -->
