<?xml version="1.0" encoding="UTF-8"?>
<!-- Generated by org.testng.reporters.JUnitReportReporter -->
<testsuite hostname="DESKTOP-6DVLD3K" failures="0" tests="1" name="draft.Google2" time="6.932" errors="0" timestamp="20 Nov 2022 21:02:17 GMT">
  <testcase classname="draft.Google2" name="test" time="6.932"/>
</testsuite> <!-- draft.Google2 -->
