<?xml version="1.0" encoding="UTF-8"?>
<!-- Generated by org.testng.reporters.JUnitReportReporter -->
<testsuite hostname="DESKTOP-6DVLD3K" failures="0" tests="1" name="draft.SuperCalculator" time="2.389" errors="0" timestamp="7 Dec 2022 10:46:17 GMT">
  <testcase classname="draft.SuperCalculator" name="robotTest" time="2.389"/>
</testsuite> <!-- draft.SuperCalculator -->
